#! /Users/mafermartinez/Desktop/logprog/oss-cad-suite/bin/vvp
:ivl_version "13.0 (devel)" "(s20251012-95-ga44b3fbe4)";
:ivl_delay_selection "TYPICAL";
:vpi_time_precision + 0;
:vpi_module "/Users/mafermartinez/Desktop/logprog/oss-cad-suite/lib/ivl/system.vpi";
:vpi_module "/Users/mafermartinez/Desktop/logprog/oss-cad-suite/lib/ivl/vhdl_sys.vpi";
:vpi_module "/Users/mafermartinez/Desktop/logprog/oss-cad-suite/lib/ivl/vhdl_textio.vpi";
:vpi_module "/Users/mafermartinez/Desktop/logprog/oss-cad-suite/lib/ivl/v2005_math.vpi";
:vpi_module "/Users/mafermartinez/Desktop/logprog/oss-cad-suite/lib/ivl/va_math.vpi";
S_0x1013b3690 .scope module, "primos_tb" "primos_tb" 2 6;
 .timescale 0 0;
v0x1013b0c60_0 .net "no_primo", 0 0, v0x1013b0a80_0;  1 drivers
v0x1013b0d00_0 .var "primo", 3 0;
v0x1013b9950_0 .net "y", 0 0, v0x1013b0bc0_0;  1 drivers
S_0x1013b3810 .scope module, "dut" "primos" 2 10, 3 6 0, S_0x1013b3690;
 .timescale 0 0;
    .port_info 0 /INPUT 4 "primo";
    .port_info 1 /OUTPUT 1 "y";
    .port_info 2 /OUTPUT 1 "no_primo";
v0x1013b0a80_0 .var "no_primo", 0 0;
v0x1013b0b20_0 .net "primo", 3 0, v0x1013b0d00_0;  1 drivers
v0x1013b0bc0_0 .var "y", 0 0;
E_0x1013b9060 .event anyedge, v0x1013b0b20_0;
    .scope S_0x1013b3810;
T_0 ;
    %wait E_0x1013b9060;
    %load/vec4 v0x1013b0b20_0;
    %dup/vec4;
    %pushi/vec4 2, 0, 4;
    %cmp/u;
    %jmp/1 T_0.0, 6;
    %dup/vec4;
    %pushi/vec4 3, 0, 4;
    %cmp/u;
    %jmp/1 T_0.1, 6;
    %dup/vec4;
    %pushi/vec4 5, 0, 4;
    %cmp/u;
    %jmp/1 T_0.2, 6;
    %dup/vec4;
    %pushi/vec4 7, 0, 4;
    %cmp/u;
    %jmp/1 T_0.3, 6;
    %dup/vec4;
    %pushi/vec4 11, 0, 4;
    %cmp/u;
    %jmp/1 T_0.4, 6;
    %dup/vec4;
    %pushi/vec4 13, 0, 4;
    %cmp/u;
    %jmp/1 T_0.5, 6;
    %pushi/vec4 0, 0, 1;
    %store/vec4 v0x1013b0a80_0, 0, 1;
    %jmp T_0.7;
T_0.0 ;
    %pushi/vec4 0, 0, 1;
    %store/vec4 v0x1013b0bc0_0, 0, 1;
    %jmp T_0.7;
T_0.1 ;
    %pushi/vec4 1, 0, 1;
    %store/vec4 v0x1013b0bc0_0, 0, 1;
    %jmp T_0.7;
T_0.2 ;
    %pushi/vec4 1, 0, 1;
    %store/vec4 v0x1013b0bc0_0, 0, 1;
    %jmp T_0.7;
T_0.3 ;
    %pushi/vec4 1, 0, 1;
    %store/vec4 v0x1013b0bc0_0, 0, 1;
    %jmp T_0.7;
T_0.4 ;
    %pushi/vec4 1, 0, 1;
    %store/vec4 v0x1013b0bc0_0, 0, 1;
    %jmp T_0.7;
T_0.5 ;
    %pushi/vec4 1, 0, 1;
    %store/vec4 v0x1013b0bc0_0, 0, 1;
    %jmp T_0.7;
T_0.7 ;
    %pop/vec4 1;
    %jmp T_0;
    .thread T_0, $push;
    .scope S_0x1013b3690;
T_1 ;
    %vpi_call 2 12 "$display", "simulacion iniciada" {0 0 0};
    %pushi/vec4 0, 0, 4;
    %store/vec4 v0x1013b0d00_0, 0, 4;
    %pushi/vec4 2, 0, 4;
    %store/vec4 v0x1013b0d00_0, 0, 4;
    %delay 10, 0;
    %pushi/vec4 3, 0, 4;
    %store/vec4 v0x1013b0d00_0, 0, 4;
    %delay 10, 0;
    %pushi/vec4 5, 0, 4;
    %store/vec4 v0x1013b0d00_0, 0, 4;
    %delay 10, 0;
    %pushi/vec4 7, 0, 4;
    %store/vec4 v0x1013b0d00_0, 0, 4;
    %delay 10, 0;
    %pushi/vec4 11, 0, 4;
    %store/vec4 v0x1013b0d00_0, 0, 4;
    %delay 10, 0;
    %pushi/vec4 13, 0, 4;
    %store/vec4 v0x1013b0d00_0, 0, 4;
    %delay 10, 0;
    %pushi/vec4 0, 0, 4;
    %store/vec4 v0x1013b0d00_0, 0, 4;
    %delay 10, 0;
    %pushi/vec4 1, 0, 4;
    %store/vec4 v0x1013b0d00_0, 0, 4;
    %delay 10, 0;
    %pushi/vec4 4, 0, 4;
    %store/vec4 v0x1013b0d00_0, 0, 4;
    %delay 10, 0;
    %pushi/vec4 6, 0, 4;
    %store/vec4 v0x1013b0d00_0, 0, 4;
    %delay 10, 0;
    %pushi/vec4 8, 0, 4;
    %store/vec4 v0x1013b0d00_0, 0, 4;
    %delay 10, 0;
    %pushi/vec4 9, 0, 4;
    %store/vec4 v0x1013b0d00_0, 0, 4;
    %delay 10, 0;
    %pushi/vec4 10, 0, 4;
    %store/vec4 v0x1013b0d00_0, 0, 4;
    %delay 10, 0;
    %pushi/vec4 12, 0, 4;
    %store/vec4 v0x1013b0d00_0, 0, 4;
    %delay 10, 0;
    %pushi/vec4 14, 0, 4;
    %store/vec4 v0x1013b0d00_0, 0, 4;
    %delay 10, 0;
    %pushi/vec4 15, 0, 4;
    %store/vec4 v0x1013b0d00_0, 0, 4;
    %delay 10, 0;
    %vpi_call 2 36 "$display", "simulacion terminada" {0 0 0};
    %vpi_call 2 37 "$stop" {0 0 0};
    %vpi_call 2 38 "$finish" {0 0 0};
    %end;
    .thread T_1;
    .scope S_0x1013b3690;
T_2 ;
    %vpi_call 2 42 "$monitor", "primo=%b y=%b", v0x1013b0d00_0, v0x1013b9950_0 {0 0 0};
    %end;
    .thread T_2;
    .scope S_0x1013b3690;
T_3 ;
    %vpi_call 2 46 "$dumpfile", "primos.vcd" {0 0 0};
    %vpi_call 2 47 "$dumpvars", 32'sb00000000000000000000000000000000, S_0x1013b3690 {0 0 0};
    %end;
    .thread T_3;
# The file index is used to find the file name in the following table.
:file_names 4;
    "N/A";
    "<interactive>";
    "primos_tb.v";
    "primos.v";
